<?xml version="1.0" encoding="UTF-8"?>
<!-- Generated by org.testng.reporters.JUnitReportReporter -->
<testsuite name="com.testautomationguru.utility.PDFUtilTest" tests="9" time="28.293" ignored="0" failures="0" timestamp="27 Jul 2017 10:08:21 GMT" skipped="0" hostname="01LTP00053" errors="0">
  <testcase name="comparePDFImageModeDiff" time="3.682" classname="com.testautomationguru.utility.PDFUtilTest"/>
  <testcase name="comparePDFTextModeSameAfterExcludePattern" time="0.361" classname="com.testautomationguru.utility.PDFUtilTest"/>
  <testcase name="saveAsImages" time="11.100" classname="com.testautomationguru.utility.PDFUtilTest"/>
  <testcase name="comparePDFImageModeDiffSpecificPage" time="4.230" classname="com.testautomationguru.utility.PDFUtilTest"/>
  <testcase name="checkForFileContent" time="0.745" classname="com.testautomationguru.utility.PDFUtilTest"/>
  <testcase name="extractImages" time="0.521" classname="com.testautomationguru.utility.PDFUtilTest"/>
  <testcase name="checkForPDFPageCount" time="0.239" classname="com.testautomationguru.utility.PDFUtilTest"/>
  <testcase name="comparePDFTextModeDiff" time="0.493" classname="com.testautomationguru.utility.PDFUtilTest"/>
  <testcase name="comparePDFImageModeSame" time="6.922" classname="com.testautomationguru.utility.PDFUtilTest"/>
</testsuite> <!-- com.testautomationguru.utility.PDFUtilTest -->
